[2021-02-10 17:03:24,898] multiqc                                            [DEBUG  ]  No MultiQC config found: /scicomp/home-pure/pqq7/my_conda_envs/seqtk/lib/python3.7/site-packages/multiqc_config.yaml
[2021-02-10 17:03:24,899] multiqc                                            [DEBUG  ]  No MultiQC config found: /scicomp/home-pure/pqq7/.multiqc_config.yaml
[2021-02-10 17:03:24,900] multiqc                                            [DEBUG  ]  No MultiQC config found: multiqc_config.yaml
[2021-02-10 17:03:24,900] multiqc                                            [DEBUG  ]  Command used: /scicomp/home-pure/pqq7/my_conda_envs/seqtk/bin/multiqc . -o .
[2021-02-10 17:03:27,365] multiqc                                            [DEBUG  ]  Latest MultiQC version is v1.9
[2021-02-10 17:03:27,366] multiqc                                            [INFO   ]  This is MultiQC v1.9
[2021-02-10 17:03:27,366] multiqc                                            [DEBUG  ]  Command     : /scicomp/home-pure/pqq7/my_conda_envs/seqtk/bin/multiqc . -o .
[2021-02-10 17:03:27,366] multiqc                                            [DEBUG  ]  Working dir : /scicomp/home-pure/pqq7/seqtkrabies
[2021-02-10 17:03:27,366] multiqc                                            [INFO   ]  Template    : default
[2021-02-10 17:03:27,366] multiqc                                            [DEBUG  ]  Running Python 3.7.9 | packaged by conda-forge | (default, Dec  9 2020, 21:08:20)  [GCC 9.3.0]
[2021-02-10 17:03:27,366] multiqc                                            [INFO   ]  Searching   : /scicomp/home-pure/pqq7/seqtkrabies
[2021-02-10 17:03:27,367] multiqc                                            [DEBUG  ]  Analysing modules: custom_content, conpair, peddy, somalier, methylQA, mosdepth, phantompeakqualtools, qualimap, preseq, quast, qorts, rna_seqc, rockhopper, rsem, rseqc, busco, goleft_indexcov, disambiguate, supernova, deeptools, sargasso, verifybamid, mirtrace, happy, mirtop, homer, macs2, theta2, snpeff, gatk, htseq, bcftools, featureCounts, fgbio, dragen, dedup, damageprofiler, biobambam2, mtnucratio, picard, prokka, samblaster, samtools, sexdeterrmine, bamtools, jellyfish, vcftools, longranger, stacks, varscan2, bbmap, bismark, biscuit, hicexplorer, hicup, hicpro, salmon, kallisto, slamdunk, star, hisat2, tophat, bowtie2, bowtie1, snpsplit, kat, leehom, adapterRemoval, clipandmerge, cutadapt, flexbar, kaiju, kraken, malt, trimmomatic, sickle, skewer, sortmerna, biobloomtools, fastq_screen, afterqc, fastp, fastqc, pycoqc, minionqc, multivcfanalyzer, clusterflow, bcl2fastq, interop, ivar, flash, seqyclean
[2021-02-10 17:03:27,369] multiqc                                            [DEBUG  ]  Using temporary directory for creating report: /scicomp/home-pure/pqq7/TMPDIR/tmp8ilutr77
[2021-02-10 17:03:27,589] multiqc                                            [DEBUG  ]  Ignoring file as matched an ignore pattern: BC27.fastq.gz
[2021-02-10 17:03:28,167] multiqc                                            [DEBUG  ]  File ignored by hicexplorer because it exceeded search pattern filesize limit: BC27_fastqc.html
[2021-02-10 17:03:28,213] multiqc                                            [DEBUG  ]  File ignored by longranger/invocation because it exceeded search pattern filesize limit: BC27_fastqc.html
[2021-02-10 17:03:28,213] multiqc                                            [DEBUG  ]  File ignored by rockhopper because it exceeded search pattern filesize limit: BC27_fastqc.html
[2021-02-10 17:03:28,213] multiqc                                            [DEBUG  ]  File ignored by rseqc/bam_stat because it exceeded search pattern filesize limit: BC27_fastqc.html
[2021-02-10 17:03:28,213] multiqc                                            [DEBUG  ]  File ignored by rseqc/junction_annotation because it exceeded search pattern filesize limit: BC27_fastqc.html
[2021-02-10 17:03:28,213] multiqc                                            [DEBUG  ]  File ignored by rseqc/read_distribution because it exceeded search pattern filesize limit: BC27_fastqc.html
[2021-02-10 17:03:28,213] multiqc                                            [DEBUG  ]  File ignored by rseqc/infer_experiment because it exceeded search pattern filesize limit: BC27_fastqc.html
[2021-02-10 17:03:29,680] multiqc.plots.bargraph                             [DEBUG  ]  Using matplotlib version 3.3.4
[2021-02-10 17:03:29,684] multiqc.plots.linegraph                            [DEBUG  ]  Using matplotlib version 3.3.4
[2021-02-10 17:03:29,690] multiqc                                            [DEBUG  ]  No samples found: custom_content
[2021-02-10 17:03:29,705] multiqc                                            [DEBUG  ]  No samples found: conpair
[2021-02-10 17:03:29,719] multiqc                                            [DEBUG  ]  No samples found: peddy
[2021-02-10 17:03:29,735] multiqc                                            [DEBUG  ]  No samples found: somalier
[2021-02-10 17:03:29,750] multiqc                                            [DEBUG  ]  No samples found: methylQA
[2021-02-10 17:03:29,777] multiqc                                            [DEBUG  ]  No samples found: mosdepth
[2021-02-10 17:03:29,789] multiqc                                            [DEBUG  ]  No samples found: phantompeakqualtools
[2021-02-10 17:03:29,799] multiqc                                            [DEBUG  ]  No samples found: qualimap
[2021-02-10 17:03:29,825] multiqc                                            [DEBUG  ]  No samples found: preseq
[2021-02-10 17:03:29,846] multiqc                                            [DEBUG  ]  No samples found: quast
[2021-02-10 17:03:29,862] multiqc                                            [DEBUG  ]  No samples found: qorts
[2021-02-10 17:03:29,875] multiqc                                            [DEBUG  ]  No samples found: rna_seqc
[2021-02-10 17:03:29,887] multiqc                                            [DEBUG  ]  No samples found: rockhopper
[2021-02-10 17:03:29,900] multiqc                                            [DEBUG  ]  No samples found: rsem
[2021-02-10 17:03:29,940] multiqc                                            [DEBUG  ]  No samples found: rseqc
[2021-02-10 17:03:29,955] multiqc                                            [DEBUG  ]  No samples found: busco
[2021-02-10 17:03:29,968] multiqc                                            [DEBUG  ]  No samples found: goleft_indexcov
[2021-02-10 17:03:29,983] multiqc                                            [DEBUG  ]  No samples found: disambiguate
[2021-02-10 17:03:29,999] multiqc                                            [DEBUG  ]  No samples found: supernova
[2021-02-10 17:03:30,046] multiqc                                            [DEBUG  ]  No samples found: deeptools
[2021-02-10 17:03:30,069] multiqc                                            [DEBUG  ]  No samples found: sargasso
[2021-02-10 17:03:30,091] multiqc                                            [DEBUG  ]  No samples found: verifybamid
[2021-02-10 17:03:30,115] multiqc                                            [DEBUG  ]  No samples found: mirtrace
[2021-02-10 17:03:30,131] multiqc                                            [DEBUG  ]  No samples found: happy
[2021-02-10 17:03:30,144] multiqc                                            [DEBUG  ]  No samples found: mirtop
[2021-02-10 17:03:30,168] multiqc                                            [DEBUG  ]  No samples found: homer
[2021-02-10 17:03:30,184] multiqc                                            [DEBUG  ]  No samples found: macs2
[2021-02-10 17:03:30,200] multiqc                                            [DEBUG  ]  No samples found: theta2
[2021-02-10 17:03:30,216] multiqc                                            [DEBUG  ]  No samples found: snpeff
[2021-02-10 17:03:30,240] multiqc                                            [DEBUG  ]  No samples found: gatk
[2021-02-10 17:03:30,256] multiqc                                            [DEBUG  ]  No samples found: htseq
[2021-02-10 17:03:30,274] multiqc                                            [DEBUG  ]  No samples found: bcftools
[2021-02-10 17:03:30,289] multiqc                                            [DEBUG  ]  No samples found: featureCounts
[2021-02-10 17:03:30,312] multiqc                                            [DEBUG  ]  No samples found: fgbio
[2021-02-10 17:03:30,354] multiqc                                            [DEBUG  ]  No samples found: dragen
[2021-02-10 17:03:30,379] multiqc                                            [DEBUG  ]  No samples found: dedup
[2021-02-10 17:03:30,399] multiqc                                            [DEBUG  ]  No samples found: damageprofiler
[2021-02-10 17:03:30,496] multiqc                                            [DEBUG  ]  No samples found: biobambam2
[2021-02-10 17:03:30,513] multiqc                                            [DEBUG  ]  No samples found: mtnucratio
[2021-02-10 17:03:30,522] multiqc                                            [DEBUG  ]  No samples found: picard
[2021-02-10 17:03:30,537] multiqc                                            [DEBUG  ]  No samples found: prokka
[2021-02-10 17:03:30,562] multiqc                                            [DEBUG  ]  No samples found: samblaster
[2021-02-10 17:03:30,592] multiqc                                            [DEBUG  ]  No samples found: samtools
[2021-02-10 17:03:30,607] multiqc                                            [DEBUG  ]  No samples found: sexdeterrmine
[2021-02-10 17:03:30,645] multiqc                                            [DEBUG  ]  No samples found: bamtools
[2021-02-10 17:03:30,659] multiqc                                            [DEBUG  ]  No samples found: jellyfish
[2021-02-10 17:03:30,685] multiqc                                            [DEBUG  ]  No samples found: vcftools
[2021-02-10 17:03:30,696] multiqc                                            [DEBUG  ]  No samples found: longranger
[2021-02-10 17:03:30,709] multiqc                                            [DEBUG  ]  No samples found: stacks
[2021-02-10 17:03:30,722] multiqc                                            [DEBUG  ]  No samples found: varscan2
[2021-02-10 17:03:30,765] multiqc                                            [DEBUG  ]  No samples found: bbmap
[2021-02-10 17:03:30,782] multiqc                                            [DEBUG  ]  No samples found: bismark
[2021-02-10 17:03:30,795] multiqc                                            [DEBUG  ]  No samples found: biscuit
[2021-02-10 17:03:30,814] multiqc                                            [DEBUG  ]  No samples found: hicexplorer
[2021-02-10 17:03:30,829] multiqc                                            [DEBUG  ]  No samples found: hicup
[2021-02-10 17:03:30,844] multiqc                                            [DEBUG  ]  No samples found: hicpro
[2021-02-10 17:03:30,859] multiqc                                            [DEBUG  ]  No samples found: salmon
[2021-02-10 17:03:30,872] multiqc                                            [DEBUG  ]  No samples found: kallisto
[2021-02-10 17:03:30,886] multiqc                                            [DEBUG  ]  No samples found: slamdunk
[2021-02-10 17:03:30,905] multiqc                                            [DEBUG  ]  No samples found: star
[2021-02-10 17:03:30,922] multiqc                                            [DEBUG  ]  No samples found: hisat2
[2021-02-10 17:03:30,940] multiqc                                            [DEBUG  ]  No samples found: tophat
[2021-02-10 17:03:30,959] multiqc                                            [DEBUG  ]  No samples found: bowtie2
[2021-02-10 17:03:30,980] multiqc                                            [DEBUG  ]  No samples found: bowtie1
[2021-02-10 17:03:31,001] multiqc                                            [DEBUG  ]  No samples found: snpsplit
[2021-02-10 17:03:31,016] multiqc                                            [DEBUG  ]  No samples found: kat
[2021-02-10 17:03:31,037] multiqc                                            [DEBUG  ]  No samples found: leehom
[2021-02-10 17:03:31,055] multiqc                                            [DEBUG  ]  No samples found: adapterRemoval
[2021-02-10 17:03:31,070] multiqc                                            [DEBUG  ]  No samples found: clipandmerge
[2021-02-10 17:03:31,082] multiqc                                            [DEBUG  ]  No samples found: cutadapt
[2021-02-10 17:03:31,095] multiqc                                            [DEBUG  ]  No samples found: flexbar
[2021-02-10 17:03:31,111] multiqc                                            [DEBUG  ]  No samples found: kaiju
[2021-02-10 17:03:31,127] multiqc                                            [DEBUG  ]  No samples found: kraken
[2021-02-10 17:03:31,139] multiqc                                            [DEBUG  ]  No samples found: malt
[2021-02-10 17:03:31,154] multiqc                                            [DEBUG  ]  No samples found: trimmomatic
[2021-02-10 17:03:31,170] multiqc                                            [DEBUG  ]  No samples found: sickle
[2021-02-10 17:03:31,184] multiqc                                            [DEBUG  ]  No samples found: skewer
[2021-02-10 17:03:31,199] multiqc                                            [DEBUG  ]  No samples found: sortmerna
[2021-02-10 17:03:31,219] multiqc                                            [DEBUG  ]  No samples found: biobloomtools
[2021-02-10 17:03:31,240] multiqc                                            [DEBUG  ]  No samples found: fastq_screen
[2021-02-10 17:03:31,258] multiqc                                            [DEBUG  ]  No samples found: afterqc
[2021-02-10 17:03:31,275] multiqc                                            [DEBUG  ]  No samples found: fastp
[2021-02-10 17:03:31,297] multiqc.modules.fastqc.fastqc                      [INFO   ]  Found 1 reports
[2021-02-10 17:03:31,400] multiqc                                            [DEBUG  ]  No samples found: pycoqc
[2021-02-10 17:03:31,413] multiqc                                            [DEBUG  ]  No samples found: minionqc
[2021-02-10 17:03:31,431] multiqc                                            [DEBUG  ]  No samples found: multivcfanalyzer
[2021-02-10 17:03:31,446] multiqc                                            [DEBUG  ]  No samples found: clusterflow
[2021-02-10 17:03:31,460] multiqc                                            [DEBUG  ]  No samples found: bcl2fastq
[2021-02-10 17:03:31,470] multiqc                                            [DEBUG  ]  No samples found: interop
[2021-02-10 17:03:31,482] multiqc                                            [DEBUG  ]  No samples found: ivar
[2021-02-10 17:03:31,504] multiqc                                            [DEBUG  ]  No samples found: flash
[2021-02-10 17:03:31,517] multiqc                                            [DEBUG  ]  No samples found: seqyclean
[2021-02-10 17:03:31,525] multiqc                                            [INFO   ]  Compressing plot data
[2021-02-10 17:03:31,557] multiqc                                            [INFO   ]  Report      : multiqc_report.html
[2021-02-10 17:03:31,558] multiqc                                            [INFO   ]  Data        : multiqc_data
[2021-02-10 17:03:31,558] multiqc                                            [DEBUG  ]  Moving data file from '/scicomp/home-pure/pqq7/TMPDIR/tmp8ilutr77/multiqc_data' to './multiqc_data'
[2021-02-10 17:03:32,387] multiqc                                            [INFO   ]  MultiQC complete
